26/04/24 14:10:09 - INFO - TwitchChannelPointsMiner.TwitchChannelPointsMiner - [__init__]: Twitch Channel Points Miner v2-1.9.5 (fork by rdavydov)
26/04/24 14:10:09 - INFO - TwitchChannelPointsMiner.TwitchChannelPointsMiner - [__init__]: https://github.com/rdavydov/Twitch-Channel-Points-Miner-v2
26/04/24 14:10:09 - ERROR - TwitchChannelPointsMiner.TwitchChannelPointsMiner - [analytics]: Can't start analytics(), please set enable_analytics=True
26/04/24 14:10:09 - INFO - TwitchChannelPointsMiner.TwitchChannelPointsMiner - [run]: Start session: 'd3dbac7e-081f-47c5-a0e5-2d9c1c799db8'
26/04/24 14:10:09 - INFO - TwitchChannelPointsMiner.classes.TwitchLogin - [login_flow]: You'll have to login to Twitch!
26/04/24 14:10:09 - INFO - TwitchChannelPointsMiner.classes.TwitchLogin - [login_flow]: Trying the TV login method..
26/04/24 14:10:10 - INFO - TwitchChannelPointsMiner.classes.TwitchLogin - [login_flow]: Open https://www.twitch.tv/activate
26/04/24 14:10:10 - INFO - TwitchChannelPointsMiner.classes.TwitchLogin - [login_flow]: and enter this code: XHWQZVCD
26/04/24 14:10:10 - INFO - TwitchChannelPointsMiner.classes.TwitchLogin - [login_flow]: Hurry up! It will expire in 30 minutes!
26/04/24 14:10:21 - INFO - TwitchChannelPointsMiner.classes.TwitchLogin - [save_cookies]: Saving cookies to your computer..
26/04/24 14:10:21 - INFO - TwitchChannelPointsMiner.TwitchChannelPointsMiner - [run]: Loading data for 3 streamers. Please wait...
26/04/24 14:13:24 - INFO - TwitchChannelPointsMiner.TwitchChannelPointsMiner - [__init__]: Twitch Channel Points Miner v2-1.9.5 (fork by rdavydov)
26/04/24 14:13:24 - INFO - TwitchChannelPointsMiner.TwitchChannelPointsMiner - [__init__]: https://github.com/rdavydov/Twitch-Channel-Points-Miner-v2
26/04/24 14:13:24 - ERROR - TwitchChannelPointsMiner.TwitchChannelPointsMiner - [analytics]: Can't start analytics(), please set enable_analytics=True
26/04/24 14:13:24 - INFO - TwitchChannelPointsMiner.TwitchChannelPointsMiner - [run]: Start session: '45cf683c-bb64-4f0f-9392-54b23a64f7b3'
26/04/24 14:13:24 - INFO - TwitchChannelPointsMiner.TwitchChannelPointsMiner - [run]: Loading data for 3 streamers. Please wait...
26/04/24 14:13:32 - INFO - TwitchChannelPointsMiner.classes.Chat - [run]: Join IRC Chat: lootraiider
26/04/24 14:13:32 - INFO - TwitchChannelPointsMiner.classes.entities.Streamer - [set_online]: Streamer(username=lootraiider, channel_id=1005578968, channel_points=10.22k) is Online!
26/04/24 14:13:36 - INFO - TwitchChannelPointsMiner.classes.Chat - [run]: Join IRC Chat: loot_treasure
26/04/24 14:13:36 - INFO - TwitchChannelPointsMiner.classes.entities.Streamer - [set_online]: Streamer(username=loot_treasure, channel_id=908051275, channel_points=300) is Online!
26/04/24 14:13:40 - INFO - TwitchChannelPointsMiner.classes.Chat - [run]: Join IRC Chat: loot_bounty
26/04/24 14:13:40 - INFO - TwitchChannelPointsMiner.classes.entities.Streamer - [set_online]: Streamer(username=loot_bounty, channel_id=1018552555, channel_points=300) is Online!
26/04/24 14:15:57 - INFO - TwitchChannelPointsMiner.classes.WebSocketsPool - [on_message]: +10 → Streamer(username=lootraiider, channel_id=1005578968, channel_points=10.23k) - Reason: WATCH.
26/04/24 14:20:57 - INFO - TwitchChannelPointsMiner.classes.WebSocketsPool - [on_message]: +10 → Streamer(username=lootraiider, channel_id=1005578968, channel_points=10.24k) - Reason: WATCH.
